{"/Users/vulebaolong/Dragon/Work/Tech_node/folow_class/node_49/ExpressJS/be_cyber_community/src/common/nodemailer/init.nodemailer.js": {"path":"/Users/vulebaolong/Dragon/Work/Tech_node/folow_class/node_49/ExpressJS/be_cyber_community/src/common/nodemailer/init.nodemailer.js","statementMap":{"0":{"start":{"line":4,"column":20},"end":{"line":12,"column":2}},"1":{"start":{"line":16,"column":17},"end":{"line":29,"column":1}},"2":{"start":{"line":17,"column":16},"end":{"line":26,"column":5}},"3":{"start":{"line":28,"column":3},"end":{"line":28,"column":48}}},"fnMap":{"0":{"name":"(anonymous_0)","decl":{"start":{"line":16,"column":17},"end":{"line":16,"column":18}},"loc":{"start":{"line":16,"column":31},"end":{"line":29,"column":1}},"line":16}},"branchMap":{},"s":{"0":1,"1":1,"2":0,"3":0},"f":{"0":0},"b":{},"_coverageSchema":"1a1c01bbd47fc00a2c39e90264f33305004495a9","hash":"2e8b7d2e2719ee833ec3347655da91c804f201bb"}
,"/Users/vulebaolong/Dragon/Work/Tech_node/folow_class/node_49/ExpressJS/be_cyber_community/src/common/prisma/init.prisma.js": {"path":"/Users/vulebaolong/Dragon/Work/Tech_node/folow_class/node_49/ExpressJS/be_cyber_community/src/common/prisma/init.prisma.js","statementMap":{"0":{"start":{"line":3,"column":15},"end":{"line":3,"column":33}},"1":{"start":{"line":5,"column":0},"end":{"line":10,"column":1}},"2":{"start":{"line":6,"column":3},"end":{"line":6,"column":48}},"3":{"start":{"line":7,"column":3},"end":{"line":7,"column":72}},"4":{"start":{"line":9,"column":3},"end":{"line":9,"column":70}}},"fnMap":{},"branchMap":{},"s":{"0":1,"1":1,"2":1,"3":1,"4":0},"f":{},"b":{},"_coverageSchema":"1a1c01bbd47fc00a2c39e90264f33305004495a9","hash":"1b5f980d192070674780b34febab54ddc745ad2e"}
,"/Users/vulebaolong/Dragon/Work/Tech_node/folow_class/node_49/ExpressJS/be_cyber_community/src/services/auth.service.js": {"path":"/Users/vulebaolong/Dragon/Work/Tech_node/folow_class/node_49/ExpressJS/be_cyber_community/src/services/auth.service.js","statementMap":{"0":{"start":{"line":10,"column":20},"end":{"line":129,"column":1}},"1":{"start":{"line":12,"column":44},"end":{"line":12,"column":52}},"2":{"start":{"line":15,"column":24},"end":{"line":19,"column":8}},"3":{"start":{"line":20,"column":6},"end":{"line":20,"column":42}},"4":{"start":{"line":22,"column":6},"end":{"line":24,"column":7}},"5":{"start":{"line":23,"column":9},"end":{"line":23,"column":82}},"6":{"start":{"line":27,"column":27},"end":{"line":27,"column":56}},"7":{"start":{"line":29,"column":22},"end":{"line":35,"column":8}},"8":{"start":{"line":37,"column":6},"end":{"line":37,"column":31}},"9":{"start":{"line":41,"column":6},"end":{"line":41,"column":21}},"10":{"start":{"line":44,"column":34},"end":{"line":44,"column":42}},"11":{"start":{"line":46,"column":24},"end":{"line":50,"column":8}},"12":{"start":{"line":52,"column":6},"end":{"line":56,"column":7}},"13":{"start":{"line":54,"column":9},"end":{"line":54,"column":87}},"14":{"start":{"line":58,"column":25},"end":{"line":58,"column":73}},"15":{"start":{"line":59,"column":6},"end":{"line":62,"column":7}},"16":{"start":{"line":60,"column":9},"end":{"line":60,"column":67}},"17":{"start":{"line":65,"column":21},"end":{"line":65,"column":60}},"18":{"start":{"line":68,"column":6},"end":{"line":68,"column":40}},"19":{"start":{"line":70,"column":6},"end":{"line":70,"column":20}},"20":{"start":{"line":73,"column":6},"end":{"line":73,"column":31}},"21":{"start":{"line":74,"column":6},"end":{"line":74,"column":22}},"22":{"start":{"line":77,"column":23},"end":{"line":77,"column":31}},"23":{"start":{"line":79,"column":27},"end":{"line":79,"column":98}},"24":{"start":{"line":82,"column":39},"end":{"line":82,"column":72}},"25":{"start":{"line":84,"column":21},"end":{"line":84,"column":54}},"26":{"start":{"line":86,"column":6},"end":{"line":86,"column":69}},"27":{"start":{"line":88,"column":55},"end":{"line":88,"column":61}},"28":{"start":{"line":90,"column":6},"end":{"line":90,"column":85}},"29":{"start":{"line":90,"column":27},"end":{"line":90,"column":85}},"30":{"start":{"line":92,"column":22},"end":{"line":96,"column":8}},"31":{"start":{"line":98,"column":6},"end":{"line":106,"column":7}},"32":{"start":{"line":99,"column":9},"end":{"line":105,"column":12}},"33":{"start":{"line":108,"column":6},"end":{"line":108,"column":33}},"34":{"start":{"line":110,"column":21},"end":{"line":110,"column":60}},"35":{"start":{"line":112,"column":6},"end":{"line":112,"column":30}},"36":{"start":{"line":114,"column":6},"end":{"line":114,"column":20}},"37":{"start":{"line":117,"column":44},"end":{"line":117,"column":52}},"38":{"start":{"line":119,"column":33},"end":{"line":119,"column":78}},"39":{"start":{"line":120,"column":32},"end":{"line":120,"column":81}},"40":{"start":{"line":122,"column":6},"end":{"line":124,"column":7}},"41":{"start":{"line":123,"column":9},"end":{"line":123,"column":75}},"42":{"start":{"line":125,"column":21},"end":{"line":125,"column":73}},"43":{"start":{"line":127,"column":6},"end":{"line":127,"column":20}}},"fnMap":{"0":{"name":"(anonymous_0)","decl":{"start":{"line":11,"column":13},"end":{"line":11,"column":14}},"loc":{"start":{"line":11,"column":28},"end":{"line":42,"column":4}},"line":11},"1":{"name":"(anonymous_1)","decl":{"start":{"line":43,"column":10},"end":{"line":43,"column":11}},"loc":{"start":{"line":43,"column":25},"end":{"line":71,"column":4}},"line":43},"2":{"name":"(anonymous_2)","decl":{"start":{"line":72,"column":12},"end":{"line":72,"column":13}},"loc":{"start":{"line":72,"column":27},"end":{"line":75,"column":4}},"line":72},"3":{"name":"(anonymous_3)","decl":{"start":{"line":76,"column":16},"end":{"line":76,"column":17}},"loc":{"start":{"line":76,"column":31},"end":{"line":115,"column":4}},"line":76},"4":{"name":"(anonymous_4)","decl":{"start":{"line":116,"column":17},"end":{"line":116,"column":18}},"loc":{"start":{"line":116,"column":32},"end":{"line":128,"column":4}},"line":116}},"branchMap":{"0":{"loc":{"start":{"line":22,"column":6},"end":{"line":24,"column":7}},"type":"if","locations":[{"start":{"line":22,"column":6},"end":{"line":24,"column":7}},{"start":{},"end":{}}],"line":22},"1":{"loc":{"start":{"line":52,"column":6},"end":{"line":56,"column":7}},"type":"if","locations":[{"start":{"line":52,"column":6},"end":{"line":56,"column":7}},{"start":{},"end":{}}],"line":52},"2":{"loc":{"start":{"line":59,"column":6},"end":{"line":62,"column":7}},"type":"if","locations":[{"start":{"line":59,"column":6},"end":{"line":62,"column":7}},{"start":{},"end":{}}],"line":59},"3":{"loc":{"start":{"line":90,"column":6},"end":{"line":90,"column":85}},"type":"if","locations":[{"start":{"line":90,"column":6},"end":{"line":90,"column":85}},{"start":{},"end":{}}],"line":90},"4":{"loc":{"start":{"line":98,"column":6},"end":{"line":106,"column":7}},"type":"if","locations":[{"start":{"line":98,"column":6},"end":{"line":106,"column":7}},{"start":{},"end":{}}],"line":98},"5":{"loc":{"start":{"line":122,"column":6},"end":{"line":124,"column":7}},"type":"if","locations":[{"start":{"line":122,"column":6},"end":{"line":124,"column":7}},{"start":{},"end":{}}],"line":122}},"s":{"0":1,"1":1,"2":1,"3":1,"4":1,"5":0,"6":1,"7":1,"8":1,"9":1,"10":0,"11":0,"12":0,"13":0,"14":0,"15":0,"16":0,"17":0,"18":0,"19":0,"20":0,"21":0,"22":0,"23":0,"24":0,"25":0,"26":0,"27":0,"28":0,"29":0,"30":0,"31":0,"32":0,"33":0,"34":0,"35":0,"36":0,"37":0,"38":0,"39":0,"40":0,"41":0,"42":0,"43":0},"f":{"0":1,"1":0,"2":0,"3":0,"4":0},"b":{"0":[0,1],"1":[0,0],"2":[0,0],"3":[0,0],"4":[0,0],"5":[0,0]},"_coverageSchema":"1a1c01bbd47fc00a2c39e90264f33305004495a9","hash":"aa189542d0ae40355894dff28094fa69d70fa3de"}
}
