TN:
SF:src/common/nodemailer/init.nodemailer.js
FN:16,(anonymous_0)
FNF:1
FNH:0
FNDA:0,(anonymous_0)
DA:4,1
DA:16,1
DA:17,0
DA:28,0
LF:4
LH:2
BRF:0
BRH:0
end_of_record
TN:
SF:src/common/prisma/init.prisma.js
FNF:0
FNH:0
DA:3,1
DA:5,1
DA:6,1
DA:7,1
DA:9,0
LF:5
LH:4
BRF:0
BRH:0
end_of_record
TN:
SF:src/services/auth.service.js
FN:11,(anonymous_0)
FN:43,(anonymous_1)
FN:72,(anonymous_2)
FN:76,(anonymous_3)
FN:116,(anonymous_4)
FNF:5
FNH:1
FNDA:1,(anonymous_0)
FNDA:0,(anonymous_1)
FNDA:0,(anonymous_2)
FNDA:0,(anonymous_3)
FNDA:0,(anonymous_4)
DA:10,1
DA:12,1
DA:15,1
DA:20,1
DA:22,1
DA:23,0
DA:27,1
DA:29,1
DA:37,1
DA:41,1
DA:44,0
DA:46,0
DA:52,0
DA:54,0
DA:58,0
DA:59,0
DA:60,0
DA:65,0
DA:68,0
DA:70,0
DA:73,0
DA:74,0
DA:77,0
DA:79,0
DA:82,0
DA:84,0
DA:86,0
DA:88,0
DA:90,0
DA:92,0
DA:98,0
DA:99,0
DA:108,0
DA:110,0
DA:112,0
DA:114,0
DA:117,0
DA:119,0
DA:120,0
DA:122,0
DA:123,0
DA:125,0
DA:127,0
LF:43
LH:9
BRDA:22,0,0,0
BRDA:22,0,1,1
BRDA:52,1,0,0
BRDA:52,1,1,0
BRDA:59,2,0,0
BRDA:59,2,1,0
BRDA:90,3,0,0
BRDA:90,3,1,0
BRDA:98,4,0,0
BRDA:98,4,1,0
BRDA:122,5,0,0
BRDA:122,5,1,0
BRF:12
BRH:1
end_of_record
